<?xml version="1.0" encoding="UTF-8"?>
<!-- Generated by org.testng.reporters.JUnitReportReporter -->
<testsuite hostname="HYD-SNAKKA-L2" failures="0" tests="2" name="com.marvel.tests.Charactertest" time="21.012" errors="0" timestamp="2020-01-08T08:14:16 IST" skipped="0">
  <testcase classname="com.marvel.tests.Charactertest" name="readSeries" time="11.488"/>
  <system-out/>
  <testcase classname="com.marvel.tests.Charactertest" name="readCharacters" time="9.524"/>
  <system-out/>
</testsuite> <!-- com.marvel.tests.Charactertest -->
